\BOOKMARK [0][-]{section*.2}{List\040of\040Figures}{}% 1
\BOOKMARK [0][-]{section*.4}{List\040of\040Tables}{}% 2
\BOOKMARK [0][-]{section*.6}{List\040of\040Algorithms}{}% 3
\BOOKMARK [0][-]{section*.8}{List\040of\040Code\040Snippets}{}% 4
\BOOKMARK [0][-]{section*.10}{List\040of\040Acronyms}{}% 5
\BOOKMARK [0][-]{chapter.1}{Linear\040Regression}{}% 6
\BOOKMARK [1][-]{section.1.1}{Introduction}{chapter.1}% 7
\BOOKMARK [1][-]{section.1.2}{Model}{chapter.1}% 8
\BOOKMARK [2][-]{subsection.1.2.1}{Terms\040used\040frequently}{section.1.2}% 9
\BOOKMARK [2][-]{subsection.1.2.2}{Mathematical\040understanding}{section.1.2}% 10
\BOOKMARK [2][-]{subsection.1.2.3}{Finding\040W\040and\040b}{section.1.2}% 11
\BOOKMARK [2][-]{subsection.1.2.4}{Gradient\040Descent}{section.1.2}% 12
\BOOKMARK [1][-]{section.1.3}{Questions\040for\040curiosity}{chapter.1}% 13
\BOOKMARK [0][-]{chapter.2}{Logistic\040Regression}{}% 14
\BOOKMARK [1][-]{section.2.1}{Introduction}{chapter.2}% 15
\BOOKMARK [1][-]{section.2.2}{Model}{chapter.2}% 16
\BOOKMARK [2][-]{subsection.2.2.1}{Sigmoid\040Function}{section.2.2}% 17
\BOOKMARK [2][-]{subsection.2.2.2}{Mathematical\040Understanding}{section.2.2}% 18
\BOOKMARK [0][-]{chapter.3}{Introduction}{}% 19
\BOOKMARK [1][-]{section.3.1}{A\040section}{chapter.3}% 20
\BOOKMARK [2][-]{subsection.3.1.1}{A\040subsection}{section.3.1}% 21
\BOOKMARK [0][-]{chapter.4}{Background}{}% 22
\BOOKMARK [0][-]{chapter.5}{Analysis}{}% 23
\BOOKMARK [1][-]{section.5.1}{A\040section}{chapter.5}% 24
\BOOKMARK [0][-]{chapter.6}{Conclusions\040and\040Future\040Works}{}% 25
\BOOKMARK [0][-]{section*.16}{References}{}% 26
\BOOKMARK [0][-]{section*.18}{Acknowledgments}{}% 27
